Using pre-set license
Built from '2020.2/staging' branch; Version is '2020.2.6f1 (8a2143876886) revision 9052483'; Using compiler version '192528614'; Build Type 'Release'
OS: 'Windows 10 Home Single Language; OS build 18363.1379; Version 1909; 64bit' Language: 'en' Physical Memory: 7615 MB
BatchMode: 1, IsHumanControllingUs: 0, StartBugReporterOnCrash: 0, Is64bit: 1, IsPro: 0

 COMMAND LINE ARGUMENTS:
C:\Program Files\Unity\Hub\Editor\2020.2.6f1\Editor\Unity.exe
-adb2
-batchMode
-noUpm
-name
AssetImportWorker0
-projectPath
C:/Users/Asus/Downloads/Compressed/AnimationStarter/DARK
-logFile
Logs/AssetImportWorker0.log
-srvPort
58096
Successfully changed project path to: C:/Users/Asus/Downloads/Compressed/AnimationStarter/DARK
C:/Users/Asus/Downloads/Compressed/AnimationStarter/DARK
Using Asset Import Pipeline V2.
Refreshing native plugins compatible for Editor in 135.04 ms, found 0 plugins.
Preloading 0 native plugins for Editor in 0.00 ms.
Initialize engine version: 2020.2.6f1 (8a2143876886)
[Subsystems] Discovering subsystems at path C:/Program Files/Unity/Hub/Editor/2020.2.6f1/Editor/Data/Resources/UnitySubsystems
[Subsystems] Discovering subsystems at path C:/Users/Asus/Downloads/Compressed/AnimationStarter/DARK/Assets
GfxDevice: creating device client; threaded=0
Direct3D:
    Version:  Direct3D 11.0 [level 11.1]
    Renderer: NVIDIA GeForce GTX 1660 Ti (ID=0x2191)
    Vendor:   
    VRAM:     5991 MB
    Driver:   27.21.14.6089
Initialize mono
Mono path[0] = 'C:/Program Files/Unity/Hub/Editor/2020.2.6f1/Editor/Data/Managed'
Mono path[1] = 'C:/Program Files/Unity/Hub/Editor/2020.2.6f1/Editor/Data/MonoBleedingEdge/lib/mono/unityjit'
Mono config path = 'C:/Program Files/Unity/Hub/Editor/2020.2.6f1/Editor/Data/MonoBleedingEdge/etc'
Using monoOptions --debugger-agent=transport=dt_socket,embedding=1,server=y,suspend=n,address=127.0.0.1:56820
Begin MonoManager ReloadAssembly
Registering precompiled unity dll's ...
Register platform support module: C:/Program Files/Unity/Hub/Editor/2020.2.6f1/Editor/Data/PlaybackEngines/WindowsStandaloneSupport/UnityEditor.WindowsStandalone.Extensions.dll
Registered in 0.006303 seconds.
Native extension for WindowsStandalone target not found
Refreshing native plugins compatible for Editor in 142.56 ms, found 0 plugins.
Preloading 0 native plugins for Editor in 0.00 ms.
Invoked RoslynAnalysisRunner static constructor.
RoslynAnalysisRunner will not be running.
RoslynAnalysisRunner has terminated.
Mono: successfully reloaded assembly
- Completed reload, in  3.497 seconds
Platform modules already initialized, skipping
Registering precompiled user dll's ...
Registered in 0.008486 seconds.
Begin MonoManager ReloadAssembly
Native extension for WindowsStandalone target not found
Refreshing native plugins compatible for Editor in 1.22 ms, found 0 plugins.
Preloading 0 native plugins for Editor in 0.00 ms.
Invoked RoslynAnalysisRunner static constructor.
RoslynAnalysisRunner will not be running.
RoslynAnalysisRunner has terminated.
Mono: successfully reloaded assembly
- Completed reload, in  3.254 seconds
Platform modules already initialized, skipping
========================================================================
Worker process is ready to serve import requests
Launched and connected shader compiler UnityShaderCompiler.exe after 0.13 seconds
Refreshing native plugins compatible for Editor in 1.10 ms, found 0 plugins.
Preloading 0 native plugins for Editor in 0.00 ms.
Unloading 1551 Unused Serialized files (Serialized files now loaded: 0)
System memory in use before: 88.6 MB.
System memory in use after: 88.7 MB.

Unloading 33 unused Assets to reduce memory usage. Loaded Objects now: 2000.
Total: 4.634300 ms (FindLiveObjects: 0.375900 ms CreateObjectMapping: 0.094300 ms MarkObjects: 3.962000 ms  DeleteObjects: 0.199200 ms)

========================================================================
Received Import Request.
  path: Assets/Scenes/End.unity
  artifactKey: Guid(d8c36514839bcb147bc9d6f54e73ff43) Importer(815301076,1909f56bfc062723c751e8b465ee728b)
Start importing Assets/Scenes/End.unity using Guid(d8c36514839bcb147bc9d6f54e73ff43) Importer(815301076,1909f56bfc062723c751e8b465ee728b)  -> (artifact id: 'ec6111615cd25265e66c9e44900f92c1') in 0.041650 seconds
  Import took 0.050819 seconds .

========================================================================
Received Prepare
Refreshing native plugins compatible for Editor in 19.89 ms, found 0 plugins.
Preloading 0 native plugins for Editor in 0.00 ms.
Unloading 22 Unused Serialized files (Serialized files now loaded: 0)
System memory in use before: 55.8 MB.
System memory in use after: 55.9 MB.

Unloading 22 unused Assets to reduce memory usage. Loaded Objects now: 2000.
Total: 5.278300 ms (FindLiveObjects: 0.414200 ms CreateObjectMapping: 0.116600 ms MarkObjects: 4.687900 ms  DeleteObjects: 0.056600 ms)

========================================================================
Received Prepare
Registering precompiled user dll's ...
Registered in 0.006549 seconds.
Begin MonoManager ReloadAssembly
Native extension for WindowsStandalone target not found
Refreshing native plugins compatible for Editor in 1.18 ms, found 0 plugins.
Preloading 0 native plugins for Editor in 0.00 ms.
Invoked RoslynAnalysisRunner static constructor.
RoslynAnalysisRunner will not be running.
RoslynAnalysisRunner has terminated.
Mono: successfully reloaded assembly
- Completed reload, in  2.634 seconds
Platform modules already initialized, skipping
Refreshing native plugins compatible for Editor in 1.20 ms, found 0 plugins.
Preloading 0 native plugins for Editor in 0.00 ms.
Unloading 1505 Unused Serialized files (Serialized files now loaded: 0)
System memory in use before: 85.3 MB.
System memory in use after: 85.4 MB.

Unloading 24 unused Assets to reduce memory usage. Loaded Objects now: 2002.
Total: 8.340100 ms (FindLiveObjects: 0.487200 ms CreateObjectMapping: 0.165000 ms MarkObjects: 7.624300 ms  DeleteObjects: 0.060200 ms)

========================================================================
Received Import Request.
  Time since last request: 68.367449 seconds.
  path: Assets/Scenes/Start.unity
  artifactKey: Guid(66f032be17a3b894db36798684324e8f) Importer(815301076,1909f56bfc062723c751e8b465ee728b)
Start importing Assets/Scenes/Start.unity using Guid(66f032be17a3b894db36798684324e8f) Importer(815301076,1909f56bfc062723c751e8b465ee728b)  -> (artifact id: '6de136d18a2d148c650ec33b2196ded4') in 0.047540 seconds
  Import took 0.057460 seconds .

========================================================================
Received Import Request.
  Time since last request: 0.003859 seconds.
  path: Assets/Scenes/Start.unity
  artifactKey: Guid(66f032be17a3b894db36798684324e8f) Importer(815301076,1909f56bfc062723c751e8b465ee728b)
Start importing Assets/Scenes/Start.unity using Guid(66f032be17a3b894db36798684324e8f) Importer(815301076,1909f56bfc062723c751e8b465ee728b)  -> (artifact id: '6de136d18a2d148c650ec33b2196ded4') in 0.013902 seconds
  Import took 0.024665 seconds .

========================================================================
Received Import Request.
  Time since last request: 57.768258 seconds.
  path: Assets/Scenes/GameScene.unity
  artifactKey: Guid(e500077061c334640a7e7ac24ef2b479) Importer(815301076,1909f56bfc062723c751e8b465ee728b)
Start importing Assets/Scenes/GameScene.unity using Guid(e500077061c334640a7e7ac24ef2b479) Importer(815301076,1909f56bfc062723c751e8b465ee728b)  -> (artifact id: 'bab3bb431facb5b7ae8c5d7893267647') in 0.029317 seconds
  Import took 0.043779 seconds .

========================================================================
Received Import Request.
  Time since last request: 50.347096 seconds.
  path: Assets/Scenes/End.unity
  artifactKey: Guid(d8c36514839bcb147bc9d6f54e73ff43) Importer(815301076,1909f56bfc062723c751e8b465ee728b)
Start importing Assets/Scenes/End.unity using Guid(d8c36514839bcb147bc9d6f54e73ff43) Importer(815301076,1909f56bfc062723c751e8b465ee728b)  -> (artifact id: '22e9cdc1637ca9ccf741dd05c57fdc84') in 0.012989 seconds
  Import took 0.025733 seconds .

========================================================================
Received Prepare
Registering precompiled user dll's ...
Registered in 0.008920 seconds.
Begin MonoManager ReloadAssembly
Native extension for WindowsStandalone target not found
Refreshing native plugins compatible for Editor in 1.18 ms, found 0 plugins.
Preloading 0 native plugins for Editor in 0.00 ms.
Invoked RoslynAnalysisRunner static constructor.
RoslynAnalysisRunner will not be running.
RoslynAnalysisRunner has terminated.
Mono: successfully reloaded assembly
- Completed reload, in  2.701 seconds
Platform modules already initialized, skipping
Refreshing native plugins compatible for Editor in 1.52 ms, found 0 plugins.
Preloading 0 native plugins for Editor in 0.00 ms.
Unloading 1505 Unused Serialized files (Serialized files now loaded: 0)
System memory in use before: 85.4 MB.
System memory in use after: 85.5 MB.

Unloading 24 unused Assets to reduce memory usage. Loaded Objects now: 2004.
Total: 5.967900 ms (FindLiveObjects: 0.417600 ms CreateObjectMapping: 0.122100 ms MarkObjects: 5.361300 ms  DeleteObjects: 0.063700 ms)

========================================================================
Received Import Request.
  Time since last request: 46.579067 seconds.
  path: Assets/Scripts
  artifactKey: Guid(bc538365caf702d4fbb5f7199bda44a2) Importer(815301076,1909f56bfc062723c751e8b465ee728b)
Start importing Assets/Scripts using Guid(bc538365caf702d4fbb5f7199bda44a2) Importer(815301076,1909f56bfc062723c751e8b465ee728b)  -> (artifact id: 'b0e889c6e5c6e78653d7ec3996ed8f2a') in 0.030129 seconds
  Import took 0.038925 seconds .

========================================================================
Received Import Request.
  Time since last request: 7.525071 seconds.
  path: Assets/Scripts/Timer.cs
  artifactKey: Guid(0261c62063dcc94419307c6cc53c7406) Importer(815301076,1909f56bfc062723c751e8b465ee728b)
Start importing Assets/Scripts/Timer.cs using Guid(0261c62063dcc94419307c6cc53c7406) Importer(815301076,1909f56bfc062723c751e8b465ee728b)  -> (artifact id: 'e78db0c397c290be9f4a83beb22b6581') in 0.093084 seconds
  Import took 0.100471 seconds .

========================================================================
Received Import Request.
  Time since last request: 5.008205 seconds.
  path: Assets/Scripts/PlayerHealthManager.cs
  artifactKey: Guid(847d0acd3ca81964cbf13ed670f521de) Importer(815301076,1909f56bfc062723c751e8b465ee728b)
Start importing Assets/Scripts/PlayerHealthManager.cs using Guid(847d0acd3ca81964cbf13ed670f521de) Importer(815301076,1909f56bfc062723c751e8b465ee728b)  -> (artifact id: '3798a3584c3a2d513a7694a1b738bb63') in 0.029284 seconds
  Import took 0.039065 seconds .

========================================================================
Received Import Request.
  Time since last request: 0.002547 seconds.
  path: Assets/Scripts/PlayerHealthManager.cs
  artifactKey: Guid(847d0acd3ca81964cbf13ed670f521de) Importer(815301076,1909f56bfc062723c751e8b465ee728b)
Start importing Assets/Scripts/PlayerHealthManager.cs using Guid(847d0acd3ca81964cbf13ed670f521de) Importer(815301076,1909f56bfc062723c751e8b465ee728b)  -> (artifact id: '3798a3584c3a2d513a7694a1b738bb63') in 0.013341 seconds
  Import took 0.023021 seconds .

========================================================================
Received Prepare
Registering precompiled user dll's ...
Registered in 0.006483 seconds.
Begin MonoManager ReloadAssembly
Native extension for WindowsStandalone target not found
Refreshing native plugins compatible for Editor in 1.48 ms, found 0 plugins.
Preloading 0 native plugins for Editor in 0.00 ms.
Invoked RoslynAnalysisRunner static constructor.
RoslynAnalysisRunner will not be running.
RoslynAnalysisRunner has terminated.
Mono: successfully reloaded assembly
- Completed reload, in  2.533 seconds
Platform modules already initialized, skipping
Refreshing native plugins compatible for Editor in 1.20 ms, found 0 plugins.
Preloading 0 native plugins for Editor in 0.00 ms.
Unloading 1505 Unused Serialized files (Serialized files now loaded: 0)
System memory in use before: 85.4 MB.
System memory in use after: 85.5 MB.

Unloading 24 unused Assets to reduce memory usage. Loaded Objects now: 2006.
Total: 5.773800 ms (FindLiveObjects: 0.338600 ms CreateObjectMapping: 0.094300 ms MarkObjects: 5.246100 ms  DeleteObjects: 0.091400 ms)

AssetImportWorkerClient::OnTransportError - code=2 error=End of file
